<?xml version="1.0" encoding="UTF-8"?>
<testng-results skipped="0" failed="0" ignored="0" total="1" passed="1">
  <reporter-output>
  </reporter-output>
  <suite name="Default suite" duration-ms="7078" started-at="2019-07-03T12:18:48Z" finished-at="2019-07-03T12:18:55Z">
    <groups>
    </groups>
    <test name="Default test" duration-ms="7078" started-at="2019-07-03T12:18:48Z" finished-at="2019-07-03T12:18:55Z">
      <class name="NGpackage.NewTest">
        <test-method status="PASS" signature="VerifyTitle()[pri:0, instance:NGpackage.NewTest@6d00a15d]" name="VerifyTitle" duration-ms="7059" started-at="2019-07-03T12:18:48Z" finished-at="2019-07-03T12:18:55Z">
          <reporter-output>
          </reporter-output>
        </test-method> <!-- VerifyTitle -->
      </class> <!-- NGpackage.NewTest -->
    </test> <!-- Default test -->
  </suite> <!-- Default suite -->
</testng-results>
